0 info it worked if it ends with ok
1 verbose cli [ 'C:\\Program Files\\nodejs\\node.exe',
1 verbose cli   'C:\\Program Files\\nodejs\\node_modules\\npm\\bin\\npm-cli.js',
1 verbose cli   'publish' ]
2 info using npm@3.10.10
3 info using node@v7.3.0
4 verbose publish [ '.' ]
5 silly cache add args [ '.', null ]
6 verbose cache add spec .
7 silly cache add parsed spec Result {
7 silly cache add   raw: '.',
7 silly cache add   scope: null,
7 silly cache add   escapedName: null,
7 silly cache add   name: null,
7 silly cache add   rawSpec: '.',
7 silly cache add   spec: 'C:\\source\\express-model-validation',
7 silly cache add   type: 'directory' }
8 verbose addLocalDirectory C:\Users\mmeans\AppData\Roaming\npm-cache\express-model-validation\1.1.2\package.tgz not in flight; packing
9 verbose correctMkdir C:\Users\mmeans\AppData\Roaming\npm-cache correctMkdir not in flight; initializing
10 info lifecycle express-model-validation@1.1.2~prepublish: express-model-validation@1.1.2
11 silly lifecycle express-model-validation@1.1.2~prepublish: no script for prepublish, continuing
12 verbose tar pack [ 'C:\\Users\\mmeans\\AppData\\Roaming\\npm-cache\\express-model-validation\\1.1.2\\package.tgz',
12 verbose tar pack   'C:\\source\\express-model-validation' ]
13 verbose tarball C:\Users\mmeans\AppData\Roaming\npm-cache\express-model-validation\1.1.2\package.tgz
14 verbose folder C:\source\express-model-validation
15 verbose addLocalTarball adding from inside cache C:\Users\mmeans\AppData\Roaming\npm-cache\express-model-validation\1.1.2\package.tgz
16 verbose correctMkdir C:\Users\mmeans\AppData\Roaming\npm-cache correctMkdir not in flight; initializing
17 silly cache afterAdd express-model-validation@1.1.2
18 verbose afterAdd C:\Users\mmeans\AppData\Roaming\npm-cache\express-model-validation\1.1.2\package\package.json not in flight; writing
19 verbose correctMkdir C:\Users\mmeans\AppData\Roaming\npm-cache correctMkdir not in flight; initializing
20 verbose afterAdd C:\Users\mmeans\AppData\Roaming\npm-cache\express-model-validation\1.1.2\package\package.json written
21 silly publish { name: 'express-model-validation',
21 silly publish   author: { name: 'Marc Means' },
21 silly publish   version: '1.1.2',
21 silly publish   main: './dist/src/index.js',
21 silly publish   typings: './dist/src/index.d.ts',
21 silly publish   dependencies: { express: '4.14.0', lodash: '^4.9.0', joi: '^10.0.1' },
21 silly publish   devDependencies:
21 silly publish    { '@types/chai': '^3.4.34',
21 silly publish      '@types/express': '^4.0.34',
21 silly publish      '@types/joi': '^9.0.33',
21 silly publish      '@types/lodash': '^4.14.42',
21 silly publish      '@types/mocha': '^2.2.32',
21 silly publish      '@types/sinon': '^1.16.31',
21 silly publish      chai: '^3.5.0',
21 silly publish      gulp: '^3.9.1',
21 silly publish      'gulp-cached': '^1.1.0',
21 silly publish      'gulp-changed': '^1.3.1',
21 silly publish      'gulp-clean': '^0.3.2',
21 silly publish      'gulp-eslint': '^3.0.1',
21 silly publish      'gulp-exec': '^2.1.2',
21 silly publish      'gulp-express': '^0.3.5',
21 silly publish      'gulp-file-cache': '0.0.1',
21 silly publish      'gulp-mocha': '^3.0.1',
21 silly publish      'gulp-newer': '^1.2.0',
21 silly publish      'gulp-nodemon': '^2.2.1',
21 silly publish      'gulp-plumber': '^1.1.0',
21 silly publish      'gulp-replace': '^0.5.4',
21 silly publish      'gulp-sequence': '^0.4.5',
21 silly publish      'gulp-sourcemaps': '^2.1.1',
21 silly publish      'gulp-tslint': '^6.1.2',
21 silly publish      'gulp-typescript': '^3.0.2',
21 silly publish      'gulp-util': '^3.0.7',
21 silly publish      sinon: '^1.17.6',
21 silly publish      'ts-node': '^1.7.2',
21 silly publish      tslint: '^3.10.2',
21 silly publish      typescript: '^2.0.7' },
21 silly publish   scripts: { build: 'gulp build', test: 'gulp test', lint: 'gulp lint' },
21 silly publish   readme: '[![Build Status](https://travis-ci.org/marcmeans/express-model-validation.svg?branch=master)](https://travis-ci.org/marcmeans/express-model-validation)\n\n# express-model-validation\n\nTODO\n\n### Prerequisities\n\nWhat things you need to install the software and how to install them\n\n```\nGive examples\n```\n\n### Installing\n\nA step by step series of examples that tell you have to get a development env running\n\nSay what the step will be\n\n```\nGive the example\n```\n\nAnd repeat\n\n```\nuntil finished\n```\n\n## Deployment\n\nAdd additional notes about how to deploy this on a live system\n',
21 silly publish   readmeFilename: 'README.md',
21 silly publish   gitHead: '5d20ef20768cb851a4b5dd3a7c29d7638709a394',
21 silly publish   description: '[![Build Status](https://travis-ci.org/marcmeans/express-model-validation.svg?branch=master)](https://travis-ci.org/marcmeans/express-model-validation)',
21 silly publish   _id: 'express-model-validation@1.1.2',
21 silly publish   _shasum: 'f15e69234fdaaf7b352d3cdba2abd15a45587396',
21 silly publish   _from: '.' }
22 verbose getPublishConfig undefined
23 silly mapToRegistry name express-model-validation
24 silly mapToRegistry using default registry
25 silly mapToRegistry registry https://registry.npmjs.org/
26 silly mapToRegistry data Result {
26 silly mapToRegistry   raw: 'express-model-validation',
26 silly mapToRegistry   scope: null,
26 silly mapToRegistry   escapedName: 'express-model-validation',
26 silly mapToRegistry   name: 'express-model-validation',
26 silly mapToRegistry   rawSpec: '',
26 silly mapToRegistry   spec: 'latest',
26 silly mapToRegistry   type: 'tag' }
27 silly mapToRegistry uri https://registry.npmjs.org/express-model-validation
28 verbose publish registryBase https://registry.npmjs.org/
29 silly publish uploading C:\Users\mmeans\AppData\Roaming\npm-cache\express-model-validation\1.1.2\package.tgz
30 verbose request uri https://registry.npmjs.org/express-model-validation
31 verbose request sending authorization for write operation
32 info attempt registry request try #1 at 8:50:30 AM
33 verbose request using bearer token for auth
34 verbose request id 7c8500fdf91be761
35 http request PUT https://registry.npmjs.org/express-model-validation
36 http 403 https://registry.npmjs.org/express-model-validation
37 verbose headers { 'content-type': 'application/json',
37 verbose headers   'cache-control': 'max-age=300',
37 verbose headers   'content-length': '118',
37 verbose headers   'accept-ranges': 'bytes',
37 verbose headers   date: 'Mon, 06 Feb 2017 16:50:31 GMT',
37 verbose headers   via: '1.1 varnish',
37 verbose headers   connection: 'keep-alive',
37 verbose headers   'x-served-by': 'cache-lax8632-LAX',
37 verbose headers   'x-cache': 'MISS',
37 verbose headers   'x-cache-hits': '0',
37 verbose headers   'x-timer': 'S1486399831.688916,VS0,VE205',
37 verbose headers   vary: 'Accept-Encoding' }
38 verbose request invalidating C:\Users\mmeans\AppData\Roaming\npm-cache\registry.npmjs.org\express-model-validation on PUT
39 error publish Failed PUT 403
40 verbose stack Error: you do not have permission to publish "express-model-validation". Are you logged in as the correct user? : express-model-validation
40 verbose stack     at makeError (C:\Program Files\nodejs\node_modules\npm\node_modules\npm-registry-client\lib\request.js:302:12)
40 verbose stack     at CachingRegistryClient.<anonymous> (C:\Program Files\nodejs\node_modules\npm\node_modules\npm-registry-client\lib\request.js:290:14)
40 verbose stack     at Request._callback (C:\Program Files\nodejs\node_modules\npm\node_modules\npm-registry-client\lib\request.js:210:14)
40 verbose stack     at Request.self.callback (C:\Program Files\nodejs\node_modules\npm\node_modules\request\request.js:187:22)
40 verbose stack     at emitTwo (events.js:106:13)
40 verbose stack     at Request.emit (events.js:191:7)
40 verbose stack     at Request.<anonymous> (C:\Program Files\nodejs\node_modules\npm\node_modules\request\request.js:1048:10)
40 verbose stack     at emitOne (events.js:96:13)
40 verbose stack     at Request.emit (events.js:188:7)
40 verbose stack     at IncomingMessage.<anonymous> (C:\Program Files\nodejs\node_modules\npm\node_modules\request\request.js:969:12)
41 verbose statusCode 403
42 verbose pkgid express-model-validation
43 verbose cwd C:\source\express-model-validation
44 error Windows_NT 10.0.15025
45 error argv "C:\\Program Files\\nodejs\\node.exe" "C:\\Program Files\\nodejs\\node_modules\\npm\\bin\\npm-cli.js" "publish"
46 error node v7.3.0
47 error npm  v3.10.10
48 error code E403
49 error you do not have permission to publish "express-model-validation". Are you logged in as the correct user? : express-model-validation
50 error If you need help, you may report this error at:
50 error     <https://github.com/npm/npm/issues>
51 verbose exit [ 1, true ]
